<?xml version="1.0" encoding="UTF-8"?>
<testng-results ignored="0" total="1" passed="1" failed="0" skipped="0">
  <reporter-output>
  </reporter-output>
  <suite started-at="2023-10-13T00:06:26 CDT" name="Default suite" finished-at="2023-10-13T00:06:32 CDT" duration-ms="5811">
    <groups>
    </groups>
    <test started-at="2023-10-13T00:06:26 CDT" name="Default test" finished-at="2023-10-13T00:06:32 CDT" duration-ms="5811">
      <class name="test.AddCustomerTest">
        <test-method signature="userShouldBeAbleAddCustomer()[pri:0, instance:test.AddCustomerTest@27462a88]" started-at="2023-10-13T00:06:26 CDT" name="userShouldBeAbleAddCustomer" finished-at="2023-10-13T00:06:32 CDT" duration-ms="5769" status="PASS">
          <reporter-output>
          </reporter-output>
        </test-method> <!-- userShouldBeAbleAddCustomer -->
      </class> <!-- test.AddCustomerTest -->
    </test> <!-- Default test -->
  </suite> <!-- Default suite -->
</testng-results>
